<?xml version="1.0" encoding="UTF-8"?>
<!-- Generated by org.testng.reporters.JUnitReportReporter -->
<testsuite hostname="DESKTOP-DAGEAME" failures="0" tests="4" name="api.test.UserTest2" time="5.822" errors="0" timestamp="2024-08-16T18:45:49 IST" skipped="0">
  <testcase classname="api.test.UserTest2" name="testPostUser" time="1.192"/>
  <system-out/>
  <testcase classname="api.test.UserTest2" name="testGetUserByName" time="1.233"/>
  <system-out/>
  <testcase classname="api.test.UserTest2" name="testUpdateUserByName" time="2.293"/>
  <system-out/>
  <testcase classname="api.test.UserTest2" name="testDeleteUserByName" time="1.104"/>
  <system-out/>
</testsuite> <!-- api.test.UserTest2 -->
