<?xml version="1.0" encoding="UTF-8"?>
<!-- Generated by org.testng.reporters.JUnitReportReporter -->
<testsuite hostname="DESKTOP-DAGEAME" failures="0" tests="12" name="api.test.DDTests" time="13.414" errors="0" timestamp="2024-08-16T18:45:49 IST" skipped="0">
  <testcase classname="api.test.DDTests" name="testPostUser" time="1.076"/>
  <system-out/>
  <testcase classname="api.test.DDTests" name="testPostUser" time="1.140"/>
  <system-out/>
  <testcase classname="api.test.DDTests" name="testPostUser" time="1.160"/>
  <system-out/>
  <testcase classname="api.test.DDTests" name="testPostUser" time="1.145"/>
  <system-out/>
  <testcase classname="api.test.DDTests" name="testGetUserByName" time="1.138"/>
  <system-out/>
  <testcase classname="api.test.DDTests" name="testGetUserByName" time="1.170"/>
  <system-out/>
  <testcase classname="api.test.DDTests" name="testGetUserByName" time="1.113"/>
  <system-out/>
  <testcase classname="api.test.DDTests" name="testGetUserByName" time="1.073"/>
  <system-out/>
  <testcase classname="api.test.DDTests" name="testDeleteUserByName" time="1.093"/>
  <system-out/>
  <testcase classname="api.test.DDTests" name="testDeleteUserByName" time="1.161"/>
  <system-out/>
  <testcase classname="api.test.DDTests" name="testDeleteUserByName" time="1.072"/>
  <system-out/>
  <testcase classname="api.test.DDTests" name="testDeleteUserByName" time="1.073"/>
  <system-out/>
</testsuite> <!-- api.test.DDTests -->
