<?xml version="1.0" encoding="UTF-8"?>
<!-- Generated by org.testng.reporters.JUnitReportReporter -->
<testsuite hostname="DESKTOP-DAGEAME" failures="0" tests="4" name="api.test.UserTest" time="9.745" errors="0" timestamp="2024-08-16T18:45:49 IST" skipped="0">
  <testcase classname="api.test.UserTest" name="testPostUser" time="5.197"/>
  <system-out/>
  <testcase classname="api.test.UserTest" name="testGetUserByName" time="1.198"/>
  <system-out/>
  <testcase classname="api.test.UserTest" name="testUpdateUserByName" time="2.268"/>
  <system-out/>
  <testcase classname="api.test.UserTest" name="testDeleteUserByName" time="1.082"/>
  <system-out/>
</testsuite> <!-- api.test.UserTest -->
