<?xml version="1.0" encoding="UTF-8"?>
<!-- Generated by org.testng.reporters.JUnitReportReporter -->
<testsuite hostname="DESKTOP-DAGEAME" failures="0" tests="12" name="api.test.DDTests" time="26.966" errors="0" timestamp="2024-08-18T19:01:32 IST" skipped="0">
  <testcase classname="api.test.DDTests" name="testPostUser" time="1.110"/>
  <system-out/>
  <testcase classname="api.test.DDTests" name="testPostUser" time="1.146"/>
  <system-out/>
  <testcase classname="api.test.DDTests" name="testPostUser" time="14.718"/>
  <system-out/>
  <testcase classname="api.test.DDTests" name="testPostUser" time="1.168"/>
  <system-out/>
  <testcase classname="api.test.DDTests" name="testGetUserByName" time="1.139"/>
  <system-out/>
  <testcase classname="api.test.DDTests" name="testGetUserByName" time="1.157"/>
  <system-out/>
  <testcase classname="api.test.DDTests" name="testGetUserByName" time="1.104"/>
  <system-out/>
  <testcase classname="api.test.DDTests" name="testGetUserByName" time="1.102"/>
  <system-out/>
  <testcase classname="api.test.DDTests" name="testDeleteUserByName" time="1.101"/>
  <system-out/>
  <testcase classname="api.test.DDTests" name="testDeleteUserByName" time="1.079"/>
  <system-out/>
  <testcase classname="api.test.DDTests" name="testDeleteUserByName" time="1.036"/>
  <system-out/>
  <testcase classname="api.test.DDTests" name="testDeleteUserByName" time="1.106"/>
  <system-out/>
</testsuite> <!-- api.test.DDTests -->
