<?xml version="1.0" encoding="UTF-8"?>
<!-- Generated by org.testng.reporters.JUnitReportReporter -->
<testsuite hostname="DESKTOP-DAGEAME" failures="0" tests="4" name="api.test.UserTest" time="5.405" errors="0" timestamp="2024-08-18T19:01:32 IST" skipped="0">
  <testcase classname="api.test.UserTest" name="testPostUser" time="1.156"/>
  <system-out/>
  <testcase classname="api.test.UserTest" name="testGetUserByName" time="1.096"/>
  <system-out/>
  <testcase classname="api.test.UserTest" name="testUpdateUserByName" time="2.123"/>
  <system-out/>
  <testcase classname="api.test.UserTest" name="testDeleteUserByName" time="1.030"/>
  <system-out/>
</testsuite> <!-- api.test.UserTest -->
